[debug] [2018-11-02T12:16:48.062Z] ----------------------------------------------------------------------
[debug] [2018-11-02T12:16:48.068Z] Command:       /usr/bin/nodejs /usr/bin/firebase deploy
[debug] [2018-11-02T12:16:48.069Z] CLI Version:   6.0.0
[debug] [2018-11-02T12:16:48.069Z] Platform:      linux
[debug] [2018-11-02T12:16:48.070Z] Node Version:  v8.12.0
[debug] [2018-11-02T12:16:48.070Z] Time:          Fri Nov 02 2018 13:16:48 GMT+0100 (WAT)
[debug] [2018-11-02T12:16:48.070Z] ----------------------------------------------------------------------
[debug] 
[debug] [2018-11-02T12:16:48.089Z] > command requires scopes: ["email","openid","https://www.googleapis.com/auth/cloudplatformprojects.readonly","https://www.googleapis.com/auth/firebase","https://www.googleapis.com/auth/cloud-platform"]
[debug] [2018-11-02T12:16:48.089Z] > authorizing via signed-in user
[debug] [2018-11-02T12:16:48.089Z] [iam] checking project pccapp-df84d for permissions ["cloudfunctions.functions.create","cloudfunctions.functions.delete","cloudfunctions.functions.get","cloudfunctions.functions.list","cloudfunctions.functions.update","cloudfunctions.operations.get","datastore.indexes.create","datastore.indexes.delete","datastore.indexes.list","datastore.indexes.update","firebase.projects.get","firebasehosting.sites.update"]
[debug] [2018-11-02T12:16:48.094Z] >>> HTTP REQUEST POST https://cloudresourcemanager.googleapis.com/v1/projects/pccapp-df84d:testIamPermissions  

[debug] [2018-11-02T12:16:50.427Z] <<< HTTP RESPONSE 200
[debug] [2018-11-02T12:16:50.430Z] >>> HTTP REQUEST GET https://firebase.googleapis.com/v1beta1/projects/pccapp-df84d  
 
[debug] [2018-11-02T12:16:51.272Z] <<< HTTP RESPONSE 200
[info] 
[info] === Deploying to 'pccapp-df84d'...
[info] 
[info] i  deploying firestore, functions, hosting
[info] Running command: npm --prefix "$RESOURCE_DIR" run lint
[info] ✔  functions: Finished running predeploy script.
[info] i  firestore: checking firestore.rules for compilation errors...
[debug] [2018-11-02T12:17:05.301Z] >>> HTTP REQUEST POST https://firebaserules.googleapis.com/v1/projects/pccapp-df84d:test  

[debug] [2018-11-02T12:17:06.840Z] <<< HTTP RESPONSE 200
[info] ✔  firestore: rules file firestore.rules compiled successfully
[debug] [2018-11-02T12:17:06.848Z] > [functions] package.json contents: {
  "name": "functions",
  "description": "Cloud Functions for Firebase",
  "scripts": {
    "lint": "eslint .",
    "serve": "firebase serve --only functions",
    "shell": "firebase functions:shell",
    "start": "npm run shell",
    "deploy": "firebase deploy --only functions",
    "logs": "firebase functions:log"
  },
  "dependencies": {
    "firebase-admin": "~6.0.0",
    "firebase-functions": "^2.1.0"
  },
  "devDependencies": {
    "eslint": "^4.12.0",
    "eslint-plugin-promise": "^3.6.0"
  },
  "private": true
}
[info] i  functions: ensuring necessary APIs are enabled...
[debug] [2018-11-02T12:17:06.851Z] >>> HTTP REQUEST GET https://servicemanagement.googleapis.com/v1/services/cloudfunctions.googleapis.com/projectSettings/pccapp-df84d?view=CONSUMER_VIEW  
 
[debug] [2018-11-02T12:17:06.853Z] >>> HTTP REQUEST GET https://servicemanagement.googleapis.com/v1/services/runtimeconfig.googleapis.com/projectSettings/pccapp-df84d?view=CONSUMER_VIEW  
 
[debug] [2018-11-02T12:17:09.036Z] <<< HTTP RESPONSE 200
[debug] [2018-11-02T12:17:09.394Z] <<< HTTP RESPONSE 200
[info] ✔  functions: all necessary APIs are enabled
[debug] [2018-11-02T12:17:09.398Z] >>> HTTP REQUEST GET https://cloudresourcemanager.googleapis.com/v1/projects/pccapp-df84d  
 
[debug] [2018-11-02T12:17:10.588Z] <<< HTTP RESPONSE 200
[debug] [2018-11-02T12:17:10.590Z] >>> HTTP REQUEST GET https://mobilesdk-pa.googleapis.com/v1/projects/559797494422:getServerAppConfig  
 
[debug] [2018-11-02T12:17:11.447Z] <<< HTTP RESPONSE 200
[debug] [2018-11-02T12:17:11.453Z] >>> HTTP REQUEST POST https://firebasehosting.googleapis.com/v1beta1/sites/pccapp-df84d/versions  

[debug] [2018-11-02T12:17:13.571Z] <<< HTTP RESPONSE 200
[info] i  firestore: uploading rules firestore.rules...
[debug] [2018-11-02T12:17:13.577Z] >>> HTTP REQUEST POST https://firebaserules.googleapis.com/v1/projects/pccapp-df84d/rulesets  

[debug] [2018-11-02T12:17:13.580Z] >>> HTTP REQUEST GET https://firestore.googleapis.com/v1beta1/projects/pccapp-df84d/databases/(default)/indexes  
 
[debug] [2018-11-02T12:17:14.583Z] <<< HTTP RESPONSE 200
[debug] [2018-11-02T12:17:15.039Z] <<< HTTP RESPONSE 200
[debug] [2018-11-02T12:17:15.040Z] [rules] created ruleset projects/pccapp-df84d/rulesets/35187095-5f77-4d7a-b106-34ed22b64169
[info] i  functions: preparing functions directory for uploading...
[debug] [2018-11-02T12:17:15.046Z] >>> HTTP REQUEST GET https://runtimeconfig.googleapis.com/v1beta1/projects/pccapp-df84d/configs  
 
[debug] [2018-11-02T12:17:17.019Z] <<< HTTP RESPONSE 200
[info] i  functions: packaged functions (53.71 KB) for uploading
[debug] [2018-11-02T12:17:17.723Z] >>> HTTP REQUEST POST https://cloudfunctions.googleapis.com/v1/projects/pccapp-df84d/locations/us-central1/functions:generateUploadUrl  
 
[debug] [2018-11-02T12:17:58.239Z] <<< HTTP RESPONSE 200
[debug] [2018-11-02T12:17:58.242Z] >>> HTTP REQUEST PUT https://storage.googleapis.com/gcf-upload-us-central1-89a4ef0a-2c5f-4b18-b08b-43476a83cc0e/cd696d4a-110d-4b6f-ba5a-b2d1b38a44a8.zip?GoogleAccessId=service-559797494422@gcf-admin-robot.iam.gserviceaccount.com&Expires=1541162878&Signature=x2HAVKbPs1GtsWqoC%2FHNwjUFeOYBnuT97aE%2FkuzW1XtjSFr39IcrknVBPzmcoBlHDjLyqjnKG3AjnTFbC6f5ROCqu3LtaMBgBWvnDx189xS3scnqtRSzvXOwGPqyv1ZaZfco2FjP9cIgASqirXCyarMn1KdHtaZzpiJ7AvXT1Vi8ZkRQt77ImYW9%2FnadiDk1ol24zBaYjC5bThoK1vK%2FKdt2nobQz5weFmJ0lkDYmQnYjyBM24duJT8pwFjrHw3TRvhIWjqV82BQwmBtw6y7xmvK%2BYSBBrmI9OY4bcu92A2Ao9ABFZikWhKYpsb9TnVM6qMdTXJMpOzbY3VQS3xbyQ%3D%3D  

[warn] ⚠  functions: Upload Error: Server Error. read ECONNRESET
[debug] [2018-11-02T12:18:00.797Z] Error: read ECONNRESET
    at TLSWrap.onread (net.js:622:25)
[error] 
[error] Error: Server Error. read ECONNRESET
